d:\vs2013_\darknet_lgz\darknet_lgz\x64\release\vc140.pdb
d:\vs2013_\darknet_lgz\darknet_lgz\x64\release\data.obj
d:\vs2013_\darknet_lgz\darknet_lgz\x64\release\darknet.obj
d:\vs2013_\darknet_lgz\darknet_lgz\x64\release\crop_layer.obj
d:\vs2013_\darknet_lgz\darknet_lgz\x64\release\crnn_layer.obj
d:\vs2013_\darknet_lgz\darknet_lgz\x64\release\cost_layer.obj
d:\vs2013_\darknet_lgz\darknet_lgz\x64\release\convolutional_layer.obj
d:\vs2013_\darknet_lgz\darknet_lgz\x64\release\connected_layer.obj
d:\vs2013_\darknet_lgz\darknet_lgz\x64\release\compare.obj
d:\vs2013_\darknet_lgz\darknet_lgz\x64\release\col2im.obj
d:\vs2013_\darknet_lgz\darknet_lgz\x64\release\coco.obj
d:\vs2013_\darknet_lgz\darknet_lgz\x64\release\classifier.obj
d:\vs2013_\darknet_lgz\darknet_lgz\x64\release\cifar.obj
d:\vs2013_\darknet_lgz\darknet_lgz\x64\release\captcha.obj
d:\vs2013_\darknet_lgz\darknet_lgz\x64\release\box.obj
d:\vs2013_\darknet_lgz\darknet_lgz\x64\release\blas.obj
d:\vs2013_\darknet_lgz\darknet_lgz\x64\release\batchnorm_layer.obj
d:\vs2013_\darknet_lgz\darknet_lgz\x64\release\avgpool_layer.obj
d:\vs2013_\darknet_lgz\darknet_lgz\x64\release\art.obj
d:\vs2013_\darknet_lgz\darknet_lgz\x64\release\activation_layer.obj
d:\vs2013_\darknet_lgz\darknet_lgz\x64\release\activations.obj
d:\vs2013_\darknet_lgz\darknet_lgz\x64\release\option_list.obj
d:\vs2013_\darknet_lgz\darknet_lgz\x64\release\normalization_layer.obj
d:\vs2013_\darknet_lgz\darknet_lgz\x64\release\nightmare.obj
d:\vs2013_\darknet_lgz\darknet_lgz\x64\release\network.obj
d:\vs2013_\darknet_lgz\darknet_lgz\x64\release\maxpool_layer.obj
d:\vs2013_\darknet_lgz\darknet_lgz\x64\release\matrix.obj
d:\vs2013_\darknet_lgz\darknet_lgz\x64\release\local_layer.obj
d:\vs2013_\darknet_lgz\darknet_lgz\x64\release\list.obj
d:\vs2013_\darknet_lgz\darknet_lgz\x64\release\layer.obj
d:\vs2013_\darknet_lgz\darknet_lgz\x64\release\imagenet.obj
d:\vs2013_\darknet_lgz\darknet_lgz\x64\release\image.obj
d:\vs2013_\darknet_lgz\darknet_lgz\x64\release\im2col.obj
d:\vs2013_\darknet_lgz\darknet_lgz\x64\release\gru_layer.obj
d:\vs2013_\darknet_lgz\darknet_lgz\x64\release\go.obj
d:\vs2013_\darknet_lgz\darknet_lgz\x64\release\gemm.obj
d:\vs2013_\darknet_lgz\darknet_lgz\x64\release\dropout_layer.obj
d:\vs2013_\darknet_lgz\darknet_lgz\x64\release\dice.obj
d:\vs2013_\darknet_lgz\darknet_lgz\x64\release\detection_layer.obj
d:\vs2013_\darknet_lgz\darknet_lgz\x64\release\demo.obj
d:\vs2013_\darknet_lgz\darknet_lgz\x64\release\deconvolutional_layer.obj
d:\vs2013_\darknet_lgz\darknet_lgz\x64\release\yolo.obj
d:\vs2013_\darknet_lgz\darknet_lgz\x64\release\writing.obj
d:\vs2013_\darknet_lgz\darknet_lgz\x64\release\utils.obj
d:\vs2013_\darknet_lgz\darknet_lgz\x64\release\swag.obj
d:\vs2013_\darknet_lgz\darknet_lgz\x64\release\softmax_layer.obj
d:\vs2013_\darknet_lgz\darknet_lgz\x64\release\shortcut_layer.obj
d:\vs2013_\darknet_lgz\darknet_lgz\x64\release\route_layer.obj
d:\vs2013_\darknet_lgz\darknet_lgz\x64\release\rnn_vid.obj
d:\vs2013_\darknet_lgz\darknet_lgz\x64\release\rnn_layer.obj
d:\vs2013_\darknet_lgz\darknet_lgz\x64\release\rnn.obj
d:\vs2013_\darknet_lgz\darknet_lgz\x64\release\parser.obj
d:\vs2013_\darknet_lgz\x64\release\darknet_lgz.exe
d:\vs2013_\darknet_lgz\x64\release\darknet_lgz.ipdb
d:\vs2013_\darknet_lgz\x64\release\darknet_lgz.iobj
d:\vs2013_\darknet_lgz\x64\release\darknet_lgz.pdb
d:\vs2013_\darknet_lgz\darknet_lgz\x64\release\darknet_lgz.tlog\cl.command.1.tlog
d:\vs2013_\darknet_lgz\darknet_lgz\x64\release\darknet_lgz.tlog\cl.read.1.tlog
d:\vs2013_\darknet_lgz\darknet_lgz\x64\release\darknet_lgz.tlog\cl.write.1.tlog
d:\vs2013_\darknet_lgz\darknet_lgz\x64\release\darknet_lgz.tlog\link.command.1.tlog
d:\vs2013_\darknet_lgz\darknet_lgz\x64\release\darknet_lgz.tlog\link.read.1.tlog
d:\vs2013_\darknet_lgz\darknet_lgz\x64\release\darknet_lgz.tlog\link.write.1.tlog
